<?xml version="1.0" encoding="UTF-8"?>
<!-- Generated by org.testng.reporters.JUnitReportReporter -->
<testsuite name="com.FreeCrm.qa.TestCases.contactTest" tests="1" time="17.592" ignored="0" failures="0" timestamp="12 Feb 2020 15:31:01 GMT" skipped="0" hostname="UE-PC" errors="0">
  <testcase name="verifynewContactBtn" time="17.592" classname="com.FreeCrm.qa.TestCases.contactTest"/>
</testsuite> <!-- com.FreeCrm.qa.TestCases.contactTest -->
