<?xml version="1.0" encoding="UTF-8"?>
<!-- Generated by org.testng.reporters.JUnitReportReporter -->
<testsuite name="com.FreeCrm.qa.TestCases.HomepageTest" tests="2" time="38.218" ignored="0" failures="0" timestamp="12 Feb 2020 15:31:01 GMT" skipped="0" hostname="UE-PC" errors="0">
  <testcase name="verifydealslinktest" time="17.384" classname="com.FreeCrm.qa.TestCases.HomepageTest"/>
  <testcase name="VerifyHomepagetitleTest" time="20.834" classname="com.FreeCrm.qa.TestCases.HomepageTest"/>
</testsuite> <!-- com.FreeCrm.qa.TestCases.HomepageTest -->
