<?xml version="1.0" encoding="UTF-8"?>
<!-- Generated by org.testng.reporters.JUnitReportReporter -->
<testsuite name="com.FreeCrm.qa.TestCases.LoginTest" tests="1" time="18.035" ignored="0" failures="0" timestamp="12 Feb 2020 15:31:01 GMT" skipped="0" hostname="UE-PC" errors="0">
  <testcase name="LoginPageTest" time="18.035" classname="com.FreeCrm.qa.TestCases.LoginTest"/>
</testsuite> <!-- com.FreeCrm.qa.TestCases.LoginTest -->
